[debug] [2024-08-29T14:50:08.221Z] ----------------------------------------------------------------------
[debug] [2024-08-29T14:50:08.223Z] Command:       C:\Program Files\nodejs\node.exe C:\Users\Tommaso\AppData\Roaming\npm\node_modules\firebase-tools\lib\bin\firebase.js init hosting
[debug] [2024-08-29T14:50:08.224Z] CLI Version:   13.15.4
[debug] [2024-08-29T14:50:08.224Z] Platform:      win32
[debug] [2024-08-29T14:50:08.224Z] Node Version:  v22.2.0
[debug] [2024-08-29T14:50:08.224Z] Time:          Thu Aug 29 2024 16:50:08 GMT+0200 (Ora legale dell’Europa centrale)
[debug] [2024-08-29T14:50:08.224Z] ----------------------------------------------------------------------
[debug] 
[debug] [2024-08-29T14:50:08.227Z] >>> [apiv2][query] GET https://firebase-public.firebaseio.com/cli.json [none]
[debug] [2024-08-29T14:50:08.330Z] > command requires scopes: ["email","openid","https://www.googleapis.com/auth/cloudplatformprojects.readonly","https://www.googleapis.com/auth/firebase","https://www.googleapis.com/auth/cloud-platform"]
[debug] [2024-08-29T14:50:08.330Z] > authorizing via signed-in user (t.parenti1@studenti.unipi.it)
[info] 
     ######## #### ########  ######## ########     ###     ######  ########
     ##        ##  ##     ## ##       ##     ##  ##   ##  ##       ##
     ######    ##  ########  ######   ########  #########  ######  ######
     ##        ##  ##    ##  ##       ##     ## ##     ##       ## ##
     ##       #### ##     ## ######## ########  ##     ##  ######  ########

You're about to initialize a Firebase project in this directory:

  C:\Users\Tommaso\Desktop\Sviluppo\StudyMatchV5

Before we get started, keep in mind:

  * You are initializing within an existing Firebase project directory

[debug] [2024-08-29T14:50:08.647Z] <<< [apiv2][status] GET https://firebase-public.firebaseio.com/cli.json 200
[debug] [2024-08-29T14:50:08.647Z] <<< [apiv2][body] GET https://firebase-public.firebaseio.com/cli.json {"cloudBuildErrorAfter":1594252800000,"cloudBuildWarnAfter":1590019200000,"defaultNode10After":1594252800000,"minVersion":"3.0.5","node8DeploysDisabledAfter":1613390400000,"node8RuntimeDisabledAfter":1615809600000,"node8WarnAfter":1600128000000}
